INFO:     Started server process [15556]
INFO:     Waiting for application startup.
INFO:     Application startup complete.
INFO:     Uvicorn running on http://127.0.0.1:8018 (Press CTRL+C to quit)
ultralytics is not installed. Using heuristic detection.
SMTP SSL failed: [WinError 10013] An attempt was made to access a socket in a way forbidden by its access permissions
SMTP TLS failed: [WinError 10013] An attempt was made to access a socket in a way forbidden by its access permissions
Email delivery failed for citizen@road.com: no working transport
ultralytics is not installed. Using heuristic detection.
SMTP SSL failed: [WinError 10013] An attempt was made to access a socket in a way forbidden by its access permissions
SMTP TLS failed: [WinError 10013] An attempt was made to access a socket in a way forbidden by its access permissions
Email delivery failed for admin@road.com: no working transport
ultralytics is not installed. Using heuristic detection.
SMTP SSL failed: [WinError 10013] An attempt was made to access a socket in a way forbidden by its access permissions
SMTP TLS failed: [WinError 10013] An attempt was made to access a socket in a way forbidden by its access permissions
Email delivery failed for citizen@road.com: no working transport
SMTP SSL failed: [WinError 10013] An attempt was made to access a socket in a way forbidden by its access permissions
SMTP TLS failed: [WinError 10013] An attempt was made to access a socket in a way forbidden by its access permissions
Email delivery failed for admin@road.com: no working transport
SMTP SSL failed: [WinError 10013] An attempt was made to access a socket in a way forbidden by its access permissions
SMTP TLS failed: [WinError 10013] An attempt was made to access a socket in a way forbidden by its access permissions
Email delivery failed for officer@road.com: no working transport
SMTP SSL failed: [WinError 10013] An attempt was made to access a socket in a way forbidden by its access permissions
SMTP TLS failed: [WinError 10013] An attempt was made to access a socket in a way forbidden by its access permissions
Email delivery failed for citizen@road.com: no working transport
ultralytics is not installed. Using heuristic detection.
SMTP SSL failed: [WinError 10013] An attempt was made to access a socket in a way forbidden by its access permissions
SMTP TLS failed: [WinError 10013] An attempt was made to access a socket in a way forbidden by its access permissions
Email delivery failed for testcitizen_002116302950@test.com: no working transport
SMTP SSL failed: [WinError 10013] An attempt was made to access a socket in a way forbidden by its access permissions
SMTP TLS failed: [WinError 10013] An attempt was made to access a socket in a way forbidden by its access permissions
Email delivery failed for admin@road.com: no working transport
SMTP SSL failed: [WinError 10013] An attempt was made to access a socket in a way forbidden by its access permissions
SMTP TLS failed: [WinError 10013] An attempt was made to access a socket in a way forbidden by its access permissions
Email delivery failed for testofficer_002116302950@test.com: no working transport
SMTP SSL failed: [WinError 10013] An attempt was made to access a socket in a way forbidden by its access permissions
SMTP TLS failed: [WinError 10013] An attempt was made to access a socket in a way forbidden by its access permissions
Email delivery failed for testcitizen_002116302950@test.com: no working transport
